Command line:
   IP_isim_beh.exe
     -simmode  gui
     -simrunnum  0
     -socket  9834

Sat Jan 30 23:47:33 2021


 Elaboration Time: 0.03125 sec

 Current Memory Usage: 5150.15 Meg

 Total Signals          : 45
 Total Nets             : 29
 Total Signal Drivers   : 13
 Total Blocks           : 10
 Total Primitive Blocks : 9
 Total Processes        : 14
 Total Traceable Variables  : 18
 Total Scalar Nets and Variables : 109
Total Line Count : 14

 Total Simulation Time: 0.03125 sec

 Current Memory Usage: 5150.15 Meg

Sat Jan 30 23:47:36 2021

