ISim log file
Running: P:\Xilinx\Project\DlProject\Key_isim_beh.exe -intstyle ise -gui -tclbatch isim.cmd -wdb P:/Xilinx/Project/DlProject/Key_isim_beh.wdb 
ISim P.20131013 (signature 0x7708f090)
This is a Full version of ISim.
Time resolution is 1 ps
# onerror resume
# wave add /
# run 1000 ns
Simulator is doing circuit initialization process.
Finished circuit initialization process.
# isim force add /Key/A0 1 -radix bin
# isim force add /Key/A1 0 -radix bin
# isim force add /Key/A2 1 -radix bin
# isim force add /Key/A3 0 -radix bin
# isim force add /Key/A4 0 -radix bin
# isim force add /Key/A5 0 -radix bin
# isim force add /Key/A6 0 -radix bin
# isim force add /Key/A7 0 -radix bin
# isim force add /Key/A8 1 -radix bin
# isim force add /Key/A9 0 -radix bin
# run 1.00us
