Command line:
   IP1_isim_beh.exe
     -simmode  gui
     -simrunnum  0
     -socket  10281

Sun Jan 31 00:48:29 2021


 Elaboration Time: 0.03125 sec

 Current Memory Usage: 5150.18 Meg

 Total Signals          : 45
 Total Nets             : 29
 Total Signal Drivers   : 13
 Total Blocks           : 10
 Total Primitive Blocks : 9
 Total Processes        : 14
 Total Traceable Variables  : 18
 Total Scalar Nets and Variables : 109
Total Line Count : 14

 Total Simulation Time: 0.1875 sec

 Current Memory Usage: 5464.75 Meg

Sun Jan 31 00:49:26 2021

